app/build/outputs/logs/manifest-merger-debug-report.txt
-- Merging decision tree log ---
manifest
ADDED from src\main\AndroidManifest.xml:18:1-88:12
INJECTED from src\main\AndroidManifest.xml:18:1-88:12
INJECTED from src\main\AndroidManifest.xml:18:1-88:12
INJECTED from src\main\AndroidManifest.xml:18:1-88:12
MERGED from [com.android.support:appcompat-v7:26.0.0] AndroidManifest.xml:17:1-31:12
MERGED from [com.android.support:animated-vector-drawable:26.0.0] AndroidManifest.xml:17:1-28:12
MERGED from [com.android.support:support-vector-drawable:26.0.0] AndroidManifest.xml:17:1-28:12
MERGED from [com.android.support:support-v4:26.0.0] AndroidManifest.xml:17:1-31:12
MERGED from [com.android.support:support-media-compat:26.0.0] AndroidManifest.xml:17:1-31:12
MERGED from [com.android.support:support-fragment:26.0.0] AndroidManifest.xml:17:1-31:12
MERGED from [com.android.support:support-core-utils:26.0.0] AndroidManifest.xml:17:1-31:12
MERGED from [com.android.support:support-core-ui:26.0.0] AndroidManifest.xml:17:1-31:12
MERGED from [com.android.support:support-compat:26.0.0] AndroidManifest.xml:17:1-31:12
INJECTED from src\main\AndroidManifest.xml:18:1-88:12
INJECTED from src\main\AndroidManifest.xml:18:1-88:12
INJECTED from src\main\AndroidManifest.xml:18:1-88:12
	package
		ADDED from src\main\AndroidManifest.xml:19:5-34
		INJECTED from src\main\AndroidManifest.xml
		INJECTED from src\main\AndroidManifest.xml
	android:sharedUserId
		ADDED from src\main\AndroidManifest.xml:20:5-46
	android:versionName
		ADDED from src\main\AndroidManifest.xml:22:5-30
		INJECTED from src\main\AndroidManifest.xml
		INJECTED from src\main\AndroidManifest.xml
	xmlns:android
		ADDED from src\main\AndroidManifest.xml:18:11-69
	android:versionCode
		ADDED from src\main\AndroidManifest.xml:21:5-28
		INJECTED from src\main\AndroidManifest.xml
		INJECTED from src\main\AndroidManifest.xml
uses-sdk
ADDED from src\main\AndroidManifest.xml:25:5-54
INJECTED from src\main\AndroidManifest.xml:25:5-54
INJECTED from src\main\AndroidManifest.xml:25:5-54
MERGED from [com.android.support:appcompat-v7:26.0.0] AndroidManifest.xml:21:5-23:78
MERGED from [com.android.support:appcompat-v7:26.0.0] AndroidManifest.xml:21:5-23:78
MERGED from [com.android.support:animated-vector-drawable:26.0.0] AndroidManifest.xml:20:5-44
MERGED from [com.android.support:animated-vector-drawable:26.0.0] AndroidManifest.xml:20:5-44
MERGED from [com.android.support:support-vector-drawable:26.0.0] AndroidManifest.xml:20:5-44
MERGED from [com.android.support:support-vector-drawable:26.0.0] AndroidManifest.xml:20:5-44
MERGED from [com.android.support:support-v4:26.0.0] AndroidManifest.xml:21:5-23:54
MERGED from [com.android.support:support-v4:26.0.0] AndroidManifest.xml:21:5-23:54
MERGED from [com.android.support:support-media-compat:26.0.0] AndroidManifest.xml:21:5-23:63
MERGED from [com.android.support:support-media-compat:26.0.0] AndroidManifest.xml:21:5-23:63
MERGED from [com.android.support:support-fragment:26.0.0] AndroidManifest.xml:21:5-23:60
MERGED from [com.android.support:support-fragment:26.0.0] AndroidManifest.xml:21:5-23:60
MERGED from [com.android.support:support-core-utils:26.0.0] AndroidManifest.xml:21:5-23:61
MERGED from [com.android.support:support-core-utils:26.0.0] AndroidManifest.xml:21:5-23:61
MERGED from [com.android.support:support-core-ui:26.0.0] AndroidManifest.xml:21:5-23:58
MERGED from [com.android.support:support-core-ui:26.0.0] AndroidManifest.xml:21:5-23:58
MERGED from [com.android.support:support-compat:26.0.0] AndroidManifest.xml:21:5-23:58
MERGED from [com.android.support:support-compat:26.0.0] AndroidManifest.xml:21:5-23:58
INJECTED from src\main\AndroidManifest.xml:25:5-54
INJECTED from src\main\AndroidManifest.xml:25:5-54
	tools:overrideLibrary
		ADDED from [com.android.support:appcompat-v7:26.0.0] AndroidManifest.xml:23:9-75
	android:targetSdkVersion
		INJECTED from src\main\AndroidManifest.xml
		ADDED from src\main\AndroidManifest.xml:25:5-54
		INJECTED from src\main\AndroidManifest.xml
	android:minSdkVersion
		INJECTED from src\main\AndroidManifest.xml
		ADDED from src\main\AndroidManifest.xml:25:5-54
		INJECTED from src\main\AndroidManifest.xml
	android:usesCleartextTraffic
		ADDED from src\main\AndroidManifest.xml:25:15-51
uses-permission#android.permission.ACCESS_COARSE_LOCATION
ADDED from src\main\AndroidManifest.xml:27:5-81
	android:name
		ADDED from src\main\AndroidManifest.xml:27:22-78
uses-permission#android.permission.ACCESS_FINE_LOCATION
ADDED from src\main\AndroidManifest.xml:28:5-79
	android:name
		ADDED from src\main\AndroidManifest.xml:28:22-76
uses-permission#android.permission.ACCESS_FM_RADIO
ADDED from src\main\AndroidManifest.xml:29:5-74
	android:name
		ADDED from src\main\AndroidManifest.xml:29:22-71
uses-permission#android.permission.ACCESS_MOCK_LOCATION
ADDED from src\main\AndroidManifest.xml:30:5-79
	android:name
		ADDED from src\main\AndroidManifest.xml:30:22-76
uses-permission#android.permission.BLUETOOTH
ADDED from src\main\AndroidManifest.xml:31:5-68
	android:name
		ADDED from src\main\AndroidManifest.xml:31:22-65
uses-permission#android.permission.INTERNET
ADDED from src\main\AndroidManifest.xml:32:5-67
	android:name
		ADDED from src\main\AndroidManifest.xml:32:22-64
uses-permission#android.permission.MODIFY_AUDIO_ROUTING
ADDED from src\main\AndroidManifest.xml:33:5-79
	android:name
		ADDED from src\main\AndroidManifest.xml:33:22-76
uses-permission#android.permission.MODIFY_AUDIO_SETTINGS
ADDED from src\main\AndroidManifest.xml:34:5-80
	android:name
		ADDED from src\main\AndroidManifest.xml:34:22-77
uses-permission#android.permission.MOUNT_UNMOUNT_FILESYSTEMS
ADDED from src\main\AndroidManifest.xml:35:5-84
	android:name
		ADDED from src\main\AndroidManifest.xml:35:22-81
uses-permission#android.permission.READ_PHONE_STATE
ADDED from src\main\AndroidManifest.xml:36:5-75
	android:name
		ADDED from src\main\AndroidManifest.xml:36:22-72
uses-permission#android.permission.RECORD_AUDIO
ADDED from src\main\AndroidManifest.xml:37:5-71
	android:name
		ADDED from src\main\AndroidManifest.xml:37:22-68
uses-permission#android.permission.WAKE_LOCK
ADDED from src\main\AndroidManifest.xml:38:5-68
	android:name
		ADDED from src\main\AndroidManifest.xml:38:22-65
uses-permission#android.permission.WRITE_EXTERNAL_STORAGE
ADDED from src\main\AndroidManifest.xml:39:5-81
	android:name
		ADDED from src\main\AndroidManifest.xml:39:22-78
application
ADDED from src\main\AndroidManifest.xml:41:5-86:19
MERGED from [com.android.support:appcompat-v7:26.0.0] AndroidManifest.xml:25:5-29:19
MERGED from [com.android.support:appcompat-v7:26.0.0] AndroidManifest.xml:25:5-29:19
MERGED from [com.android.support:animated-vector-drawable:26.0.0] AndroidManifest.xml:22:5-26:19
MERGED from [com.android.support:animated-vector-drawable:26.0.0] AndroidManifest.xml:22:5-26:19
MERGED from [com.android.support:support-vector-drawable:26.0.0] AndroidManifest.xml:22:5-26:19
MERGED from [com.android.support:support-vector-drawable:26.0.0] AndroidManifest.xml:22:5-26:19
MERGED from [com.android.support:support-v4:26.0.0] AndroidManifest.xml:25:5-29:19
MERGED from [com.android.support:support-v4:26.0.0] AndroidManifest.xml:25:5-29:19
MERGED from [com.android.support:support-media-compat:26.0.0] AndroidManifest.xml:25:5-29:19
MERGED from [com.android.support:support-media-compat:26.0.0] AndroidManifest.xml:25:5-29:19
MERGED from [com.android.support:support-fragment:26.0.0] AndroidManifest.xml:25:5-29:19
MERGED from [com.android.support:support-fragment:26.0.0] AndroidManifest.xml:25:5-29:19
MERGED from [com.android.support:support-core-utils:26.0.0] AndroidManifest.xml:25:5-29:19
MERGED from [com.android.support:support-core-utils:26.0.0] AndroidManifest.xml:25:5-29:19
MERGED from [com.android.support:support-core-ui:26.0.0] AndroidManifest.xml:25:5-29:19
MERGED from [com.android.support:support-core-ui:26.0.0] AndroidManifest.xml:25:5-29:19
MERGED from [com.android.support:support-compat:26.0.0] AndroidManifest.xml:25:5-29:19
MERGED from [com.android.support:support-compat:26.0.0] AndroidManifest.xml:25:5-29:19
	android:label
		ADDED from src\main\AndroidManifest.xml:44:9-41
	android:hardwareAccelerated
		ADDED from src\main\AndroidManifest.xml:42:9-43
	android:icon
		ADDED from src\main\AndroidManifest.xml:43:9-43
activity#com.android.fmradio.FmMainActivity
ADDED from src\main\AndroidManifest.xml:46:9-56:20
	android:label
		ADDED from src\main\AndroidManifest.xml:48:13-45
	android:launchMode
		ADDED from src\main\AndroidManifest.xml:49:13-42
	android:theme
		ADDED from src\main\AndroidManifest.xml:50:13-44
	android:usesCleartextTraffic
		ADDED from src\main\AndroidManifest.xml:51:13-49
	android:name
		ADDED from src\main\AndroidManifest.xml:47:13-43
intent-filter#action:name:android.intent.action.MAIN+category:name:android.intent.category.LAUNCHER
ADDED from src\main\AndroidManifest.xml:52:13-55:29
action#android.intent.action.MAIN
ADDED from src\main\AndroidManifest.xml:53:17-69
	android:name
		ADDED from src\main\AndroidManifest.xml:53:25-66
category#android.intent.category.LAUNCHER
ADDED from src\main\AndroidManifest.xml:54:17-77
	android:name
		ADDED from src\main\AndroidManifest.xml:54:27-74
activity#com.android.fmradio.FmFavoriteActivity
ADDED from src\main\AndroidManifest.xml:57:9-64:20
	android:label
		ADDED from src\main\AndroidManifest.xml:60:13-50
	android:launchMode
		ADDED from src\main\AndroidManifest.xml:61:13-44
	android:windowSoftInputMode
		ADDED from src\main\AndroidManifest.xml:63:13-60
	android:configChanges
		ADDED from src\main\AndroidManifest.xml:59:13-47
	android:theme
		ADDED from src\main\AndroidManifest.xml:62:13-46
	android:name
		ADDED from src\main\AndroidManifest.xml:58:13-47
service#com.android.fmradio.FmService
ADDED from src\main\AndroidManifest.xml:66:9-72:19
	android:exported
		ADDED from src\main\AndroidManifest.xml:68:13-37
	android:name
		ADDED from src\main\AndroidManifest.xml:67:13-38
intent-filter#action:name:com.android.fmradio.IFmRadioService
ADDED from src\main\AndroidManifest.xml:69:13-71:29
action#com.android.fmradio.IFmRadioService
ADDED from src\main\AndroidManifest.xml:70:17-78
	android:name
		ADDED from src\main\AndroidManifest.xml:70:25-75
provider#com.android.fmradio.FmProvider
ADDED from src\main\AndroidManifest.xml:74:9-78:20
	android:authorities
		ADDED from src\main\AndroidManifest.xml:76:13-54
	android:exported
		ADDED from src\main\AndroidManifest.xml:77:13-37
	android:name
		ADDED from src\main\AndroidManifest.xml:75:13-39
activity#com.android.fmradio.FmRecordActivity
ADDED from src\main\AndroidManifest.xml:80:9-85:20
	android:label
		ADDED from src\main\AndroidManifest.xml:82:13-49
	android:launchMode
		ADDED from src\main\AndroidManifest.xml:84:13-44
	android:theme
		ADDED from src\main\AndroidManifest.xml:83:13-46
	android:name
		ADDED from src\main\AndroidManifest.xml:81:13-45
meta-data#android.support.VERSION
ADDED from [com.android.support:appcompat-v7:26.0.0] AndroidManifest.xml:26:9-28:38
MERGED from [com.android.support:animated-vector-drawable:26.0.0] AndroidManifest.xml:23:9-25:38
MERGED from [com.android.support:animated-vector-drawable:26.0.0] AndroidManifest.xml:23:9-25:38
MERGED from [com.android.support:support-vector-drawable:26.0.0] AndroidManifest.xml:23:9-25:38
MERGED from [com.android.support:support-vector-drawable:26.0.0] AndroidManifest.xml:23:9-25:38
MERGED from [com.android.support:support-v4:26.0.0] AndroidManifest.xml:26:9-28:38
MERGED from [com.android.support:support-v4:26.0.0] AndroidManifest.xml:26:9-28:38
MERGED from [com.android.support:support-media-compat:26.0.0] AndroidManifest.xml:26:9-28:38
MERGED from [com.android.support:support-media-compat:26.0.0] AndroidManifest.xml:26:9-28:38
MERGED from [com.android.support:support-fragment:26.0.0] AndroidManifest.xml:26:9-28:38
MERGED from [com.android.support:support-fragment:26.0.0] AndroidManifest.xml:26:9-28:38
MERGED from [com.android.support:support-core-utils:26.0.0] AndroidManifest.xml:26:9-28:38
MERGED from [com.android.support:support-core-utils:26.0.0] AndroidManifest.xml:26:9-28:38
MERGED from [com.android.support:support-core-ui:26.0.0] AndroidManifest.xml:26:9-28:38
MERGED from [com.android.support:support-core-ui:26.0.0] AndroidManifest.xml:26:9-28:38
MERGED from [com.android.support:support-compat:26.0.0] AndroidManifest.xml:26:9-28:38
MERGED from [com.android.support:support-compat:26.0.0] AndroidManifest.xml:26:9-28:38
	android:value
		ADDED from [com.android.support:appcompat-v7:26.0.0] AndroidManifest.xml:28:13-35
	android:name
		ADDED from [com.android.support:appcompat-v7:26.0.0] AndroidManifest.xml:27:13-51